<?xml version="1.0" encoding="UTF-8"?>
<testng-results ignored="0" total="1" passed="1" failed="0" skipped="0">
  <reporter-output>
  </reporter-output>
  <suite started-at="2021-06-12T20:52:28 EDT" name="Default suite" finished-at="2021-06-12T20:52:56 EDT" duration-ms="28291">
    <groups>
    </groups>
    <test started-at="2021-06-12T20:52:28 EDT" name="Default test" finished-at="2021-06-12T20:52:56 EDT" duration-ms="28291">
      <class name="com.equifax2.testcase.HomePageTest">
        <test-method is-config="true" signature="setUpWebDriver()[pri:0, instance:com.equifax2.testcase.HomePageTest@5082d622]" started-at="2021-06-12T20:52:28 EDT" name="setUpWebDriver" finished-at="2021-06-12T20:52:28 EDT" duration-ms="225" status="PASS">
          <reporter-output>
          </reporter-output>
        </test-method> <!-- setUpWebDriver -->
        <test-method is-config="true" signature="initialization()[pri:0, instance:com.equifax2.testcase.HomePageTest@5082d622]" started-at="2021-06-12T20:52:28 EDT" name="initialization" finished-at="2021-06-12T20:52:30 EDT" duration-ms="1926" status="PASS">
          <reporter-output>
          </reporter-output>
        </test-method> <!-- initialization -->
        <test-method signature="Test()[pri:0, instance:com.equifax2.testcase.HomePageTest@5082d622]" started-at="2021-06-12T20:52:30 EDT" name="Test" finished-at="2021-06-12T20:52:56 EDT" duration-ms="25890" status="PASS">
          <reporter-output>
          </reporter-output>
        </test-method> <!-- Test -->
        <test-method is-config="true" signature="tearDown()[pri:0, instance:com.equifax2.testcase.HomePageTest@5082d622]" started-at="2021-06-12T20:52:56 EDT" name="tearDown" finished-at="2021-06-12T20:52:56 EDT" duration-ms="227" status="PASS">
          <reporter-output>
          </reporter-output>
        </test-method> <!-- tearDown -->
      </class> <!-- com.equifax2.testcase.HomePageTest -->
    </test> <!-- Default test -->
  </suite> <!-- Default suite -->
</testng-results>
