<?xml version="1.0" encoding="UTF-8"?>
<testng-results ignored="0" total="1" passed="1" failed="0" skipped="0">
  <reporter-output>
  </reporter-output>
  <suite started-at="2021-06-13T14:02:48 EDT" name="Suite" finished-at="2021-06-13T14:03:39 EDT" duration-ms="51092">
    <groups>
    </groups>
    <test started-at="2021-06-13T14:02:48 EDT" name="Test" finished-at="2021-06-13T14:03:39 EDT" duration-ms="51092">
      <class name="com.equifax2.testcase.HomePageTest">
        <test-method is-config="true" signature="setUpWebDriver()[pri:0, instance:com.equifax2.testcase.HomePageTest@4f67eb2a]" started-at="2021-06-13T14:02:48 EDT" name="setUpWebDriver" finished-at="2021-06-13T14:02:54 EDT" duration-ms="5419" status="PASS">
          <reporter-output>
          </reporter-output>
        </test-method> <!-- setUpWebDriver -->
        <test-method is-config="true" signature="initialization()[pri:0, instance:com.equifax2.testcase.HomePageTest@4f67eb2a]" started-at="2021-06-13T14:02:54 EDT" name="initialization" finished-at="2021-06-13T14:02:56 EDT" duration-ms="2228" status="PASS">
          <reporter-output>
          </reporter-output>
        </test-method> <!-- initialization -->
        <test-method signature="Test()[pri:0, instance:com.equifax2.testcase.HomePageTest@4f67eb2a]" started-at="2021-06-13T14:02:56 EDT" name="Test" finished-at="2021-06-13T14:03:39 EDT" duration-ms="43244" status="PASS">
          <reporter-output>
          </reporter-output>
        </test-method> <!-- Test -->
        <test-method is-config="true" signature="tearDown()[pri:0, instance:com.equifax2.testcase.HomePageTest@4f67eb2a]" started-at="2021-06-13T14:03:39 EDT" name="tearDown" finished-at="2021-06-13T14:03:39 EDT" duration-ms="178" status="PASS">
          <reporter-output>
          </reporter-output>
        </test-method> <!-- tearDown -->
      </class> <!-- com.equifax2.testcase.HomePageTest -->
    </test> <!-- Test -->
  </suite> <!-- Suite -->
</testng-results>
